{"C:\\Users\\jjose\\OneDrive\\Documents\\prueba-tecnica-periferia-ti\\microservice-4-posts\\src\\index.ts": {"path":"C:\\Users\\jjose\\OneDrive\\Documents\\prueba-tecnica-periferia-ti\\microservice-4-posts\\src\\index.ts","statementMap":{"0":{"start":{"line":1,"column":0},"end":{"line":1,"column":30}},"1":{"start":{"line":2,"column":0},"end":{"line":2,"column":43}},"2":{"start":{"line":3,"column":0},"end":{"line":3,"column":41}},"3":{"start":{"line":4,"column":0},"end":{"line":4,"column":24}},"4":{"start":{"line":5,"column":0},"end":{"line":5,"column":28}},"5":{"start":{"line":6,"column":0},"end":{"line":6,"column":37}},"6":{"start":{"line":7,"column":0},"end":{"line":7,"column":45}},"7":{"start":{"line":9,"column":0},"end":{"line":9,"column":16}},"8":{"start":{"line":11,"column":12},"end":{"line":11,"column":21}},"9":{"start":{"line":14,"column":23},"end":{"line":25,"column":2}},"10":{"start":{"line":27,"column":0},"end":{"line":27,"column":16}},"11":{"start":{"line":28,"column":0},"end":{"line":28,"column":27}},"12":{"start":{"line":30,"column":0},"end":{"line":30,"column":30}},"13":{"start":{"line":32,"column":20},"end":{"line":32,"column":48}},"14":{"start":{"line":34,"column":0},"end":{"line":34,"column":68}},"15":{"start":{"line":36,"column":0},"end":{"line":41,"column":1}},"16":{"start":{"line":37,"column":15},"end":{"line":37,"column":39}},"17":{"start":{"line":38,"column":2},"end":{"line":40,"column":5}},"18":{"start":{"line":39,"column":4},"end":{"line":39,"column":81}},"19":{"start":{"line":43,"column":0},"end":{"line":43,"column":19}}},"fnMap":{"0":{"name":"(anonymous_1)","decl":{"start":{"line":38,"column":19},"end":{"line":38,"column":22}},"loc":{"start":{"line":38,"column":24},"end":{"line":40,"column":3}}}},"branchMap":{"0":{"loc":{"start":{"line":36,"column":0},"end":{"line":41,"column":1}},"type":"if","locations":[{"start":{"line":36,"column":0},"end":{"line":41,"column":1}}]},"1":{"loc":{"start":{"line":37,"column":15},"end":{"line":37,"column":39}},"type":"binary-expr","locations":[{"start":{"line":37,"column":15},"end":{"line":37,"column":31}},{"start":{"line":37,"column":35},"end":{"line":37,"column":39}}]}},"s":{"0":1,"1":1,"2":1,"3":1,"4":1,"5":1,"6":1,"7":1,"8":1,"9":1,"10":1,"11":1,"12":1,"13":1,"14":1,"15":1,"16":0,"17":0,"18":0,"19":1},"f":{"0":0},"b":{"0":[0],"1":[0,0]}}
,"C:\\Users\\jjose\\OneDrive\\Documents\\prueba-tecnica-periferia-ti\\microservice-4-posts\\src\\controllers\\postController.ts": {"path":"C:\\Users\\jjose\\OneDrive\\Documents\\prueba-tecnica-periferia-ti\\microservice-4-posts\\src\\controllers\\postController.ts","statementMap":{"0":{"start":{"line":1,"column":0},"end":{"line":1,"column":26}},"1":{"start":{"line":4,"column":25},"end":{"line":4,"column":83}},"2":{"start":{"line":6,"column":26},"end":{"line":16,"column":2}},"3":{"start":{"line":6,"column":64},"end":{"line":16,"column":2}},"4":{"start":{"line":7,"column":2},"end":{"line":15,"column":3}},"5":{"start":{"line":8,"column":20},"end":{"line":8,"column":36}},"6":{"start":{"line":9,"column":4},"end":{"line":9,"column":73}},"7":{"start":{"line":10,"column":21},"end":{"line":10,"column":77}},"8":{"start":{"line":11,"column":4},"end":{"line":11,"column":77}},"9":{"start":{"line":13,"column":4},"end":{"line":13,"column":62}},"10":{"start":{"line":14,"column":4},"end":{"line":14,"column":73}},"11":{"start":{"line":6,"column":13},"end":{"line":6,"column":26}},"12":{"start":{"line":18,"column":23},"end":{"line":28,"column":2}},"13":{"start":{"line":18,"column":61},"end":{"line":28,"column":2}},"14":{"start":{"line":19,"column":2},"end":{"line":27,"column":3}},"15":{"start":{"line":20,"column":23},"end":{"line":20,"column":33}},"16":{"start":{"line":21,"column":20},"end":{"line":21,"column":36}},"17":{"start":{"line":22,"column":21},"end":{"line":22,"column":87}},"18":{"start":{"line":23,"column":4},"end":{"line":23,"column":77}},"19":{"start":{"line":25,"column":4},"end":{"line":25,"column":62}},"20":{"start":{"line":26,"column":4},"end":{"line":26,"column":73}},"21":{"start":{"line":18,"column":13},"end":{"line":18,"column":23}}},"fnMap":{"0":{"name":"(anonymous_8)","decl":{"start":{"line":6,"column":26},"end":{"line":6,"column":33}},"loc":{"start":{"line":6,"column":64},"end":{"line":16,"column":2}}},"1":{"name":"(anonymous_9)","decl":{"start":{"line":6,"column":64},"end":{"line":6,"column":null}},"loc":{"start":{"line":6,"column":64},"end":{"line":16,"column":1}}},"2":{"name":"(anonymous_10)","decl":{"start":{"line":18,"column":23},"end":{"line":18,"column":30}},"loc":{"start":{"line":18,"column":61},"end":{"line":28,"column":2}}},"3":{"name":"(anonymous_11)","decl":{"start":{"line":18,"column":61},"end":{"line":18,"column":null}},"loc":{"start":{"line":18,"column":61},"end":{"line":28,"column":1}}}},"branchMap":{"0":{"loc":{"start":{"line":4,"column":25},"end":{"line":4,"column":83}},"type":"binary-expr","locations":[{"start":{"line":4,"column":25},"end":{"line":4,"column":53}},{"start":{"line":4,"column":57},"end":{"line":4,"column":83}}]}},"s":{"0":1,"1":1,"2":1,"3":0,"4":0,"5":0,"6":0,"7":0,"8":0,"9":0,"10":0,"11":1,"12":1,"13":0,"14":0,"15":0,"16":0,"17":0,"18":0,"19":0,"20":0,"21":1},"f":{"0":0,"1":0,"2":0,"3":0},"b":{"0":[1,1]}}
,"C:\\Users\\jjose\\OneDrive\\Documents\\prueba-tecnica-periferia-ti\\microservice-4-posts\\src\\middlewares\\authMiddleware.ts": {"path":"C:\\Users\\jjose\\OneDrive\\Documents\\prueba-tecnica-periferia-ti\\microservice-4-posts\\src\\middlewares\\authMiddleware.ts","statementMap":{"0":{"start":{"line":2,"column":0},"end":{"line":2,"column":31}},"1":{"start":{"line":4,"column":19},"end":{"line":4,"column":58}},"2":{"start":{"line":6,"column":31},"end":{"line":23,"column":1}},"3":{"start":{"line":7,"column":2},"end":{"line":7,"column":55}},"4":{"start":{"line":8,"column":2},"end":{"line":8,"column":71}},"5":{"start":{"line":9,"column":16},"end":{"line":9,"column":58}},"6":{"start":{"line":11,"column":2},"end":{"line":14,"column":3}},"7":{"start":{"line":12,"column":4},"end":{"line":12,"column":57}},"8":{"start":{"line":13,"column":4},"end":{"line":13,"column":11}},"9":{"start":{"line":16,"column":2},"end":{"line":22,"column":3}},"10":{"start":{"line":17,"column":20},"end":{"line":17,"column":49}},"11":{"start":{"line":18,"column":5},"end":{"line":18,"column":32}},"12":{"start":{"line":19,"column":4},"end":{"line":19,"column":11}},"13":{"start":{"line":21,"column":4},"end":{"line":21,"column":56}},"14":{"start":{"line":6,"column":13},"end":{"line":6,"column":31}}},"fnMap":{"0":{"name":"(anonymous_1)","decl":{"start":{"line":6,"column":31},"end":{"line":6,"column":32}},"loc":{"start":{"line":6,"column":89},"end":{"line":23,"column":1}}}},"branchMap":{"0":{"loc":{"start":{"line":4,"column":19},"end":{"line":4,"column":58}},"type":"binary-expr","locations":[{"start":{"line":4,"column":19},"end":{"line":4,"column":41}},{"start":{"line":4,"column":45},"end":{"line":4,"column":58}}]},"1":{"loc":{"start":{"line":8,"column":27},"end":{"line":8,"column":69}},"type":"cond-expr","locations":[{"start":{"line":8,"column":54},"end":{"line":8,"column":56}},{"start":{"line":8,"column":54},"end":{"line":8,"column":69}}]},"2":{"loc":{"start":{"line":8,"column":27},"end":{"line":8,"column":56}},"type":"binary-expr","locations":[{"start":{"line":8,"column":27},"end":{"line":8,"column":56}},{"start":{"line":8,"column":54},"end":{"line":8,"column":56}}]},"3":{"loc":{"start":{"line":9,"column":16},"end":{"line":9,"column":58}},"type":"cond-expr","locations":[{"start":{"line":9,"column":43},"end":{"line":9,"column":45}},{"start":{"line":9,"column":43},"end":{"line":9,"column":58}}]},"4":{"loc":{"start":{"line":9,"column":16},"end":{"line":9,"column":45}},"type":"binary-expr","locations":[{"start":{"line":9,"column":16},"end":{"line":9,"column":45}},{"start":{"line":9,"column":43},"end":{"line":9,"column":45}}]},"5":{"loc":{"start":{"line":11,"column":2},"end":{"line":14,"column":3}},"type":"if","locations":[{"start":{"line":11,"column":2},"end":{"line":14,"column":3}}]}},"s":{"0":1,"1":1,"2":1,"3":2,"4":2,"5":2,"6":2,"7":0,"8":0,"9":2,"10":2,"11":0,"12":0,"13":2,"14":1},"f":{"0":2},"b":{"0":[1,1],"1":[0,2],"2":[2,2],"3":[0,2],"4":[2,2],"5":[0]}}
,"C:\\Users\\jjose\\OneDrive\\Documents\\prueba-tecnica-periferia-ti\\microservice-4-posts\\src\\routes\\postRoutes.ts": {"path":"C:\\Users\\jjose\\OneDrive\\Documents\\prueba-tecnica-periferia-ti\\microservice-4-posts\\src\\routes\\postRoutes.ts","statementMap":{"0":{"start":{"line":1,"column":0},"end":{"line":1,"column":30}},"1":{"start":{"line":2,"column":0},"end":{"line":2,"column":68}},"2":{"start":{"line":3,"column":0},"end":{"line":3,"column":64}},"3":{"start":{"line":5,"column":15},"end":{"line":5,"column":31}},"4":{"start":{"line":19,"column":0},"end":{"line":19,"column":53}},"5":{"start":{"line":42,"column":0},"end":{"line":42,"column":55}},"6":{"start":{"line":44,"column":0},"end":{"line":44,"column":22}}},"fnMap":{},"branchMap":{},"s":{"0":1,"1":1,"2":1,"3":1,"4":1,"5":1,"6":1},"f":{},"b":{}}
}
