TN:
SF:src\index.ts
FN:38,(anonymous_1)
FNF:1
FNH:0
FNDA:0,(anonymous_1)
DA:1,1
DA:2,1
DA:3,1
DA:4,1
DA:5,1
DA:6,1
DA:7,1
DA:9,1
DA:11,1
DA:14,1
DA:27,1
DA:28,1
DA:30,1
DA:32,1
DA:34,1
DA:36,1
DA:37,0
DA:38,0
DA:39,0
DA:43,1
LF:20
LH:17
BRDA:36,0,0,0
BRDA:37,1,0,0
BRDA:37,1,1,0
BRF:3
BRH:0
end_of_record
TN:
SF:src\controllers\postController.ts
FN:6,(anonymous_8)
FN:6,(anonymous_9)
FN:18,(anonymous_10)
FN:18,(anonymous_11)
FNF:4
FNH:0
FNDA:0,(anonymous_8)
FNDA:0,(anonymous_9)
FNDA:0,(anonymous_10)
FNDA:0,(anonymous_11)
DA:1,1
DA:4,1
DA:6,1
DA:7,0
DA:8,0
DA:9,0
DA:10,0
DA:11,0
DA:13,0
DA:14,0
DA:18,1
DA:19,0
DA:20,0
DA:21,0
DA:22,0
DA:23,0
DA:25,0
DA:26,0
LF:18
LH:4
BRDA:4,0,0,1
BRDA:4,0,1,1
BRF:2
BRH:2
end_of_record
TN:
SF:src\middlewares\authMiddleware.ts
FN:6,(anonymous_1)
FNF:1
FNH:1
FNDA:2,(anonymous_1)
DA:2,1
DA:4,1
DA:6,1
DA:7,2
DA:8,2
DA:9,2
DA:11,2
DA:12,0
DA:13,0
DA:16,2
DA:17,2
DA:18,0
DA:19,0
DA:21,2
LF:14
LH:10
BRDA:4,0,0,1
BRDA:4,0,1,1
BRDA:8,1,0,0
BRDA:8,1,1,2
BRDA:8,2,0,2
BRDA:8,2,1,2
BRDA:9,3,0,0
BRDA:9,3,1,2
BRDA:9,4,0,2
BRDA:9,4,1,2
BRDA:11,5,0,0
BRF:11
BRH:8
end_of_record
TN:
SF:src\routes\postRoutes.ts
FNF:0
FNH:0
DA:1,1
DA:2,1
DA:3,1
DA:5,1
DA:19,1
DA:42,1
DA:44,1
LF:7
LH:7
BRF:0
BRH:0
end_of_record
