<?xml version="1.0" encoding="UTF-8"?>
<coverage generated="1741919788186" clover="3.2.0">
  <project timestamp="1741919788186" name="All files">
    <metrics statements="28" coveredstatements="19" conditionals="9" coveredconditionals="9" methods="3" coveredmethods="1" elements="40" coveredelements="29" complexity="0" loc="28" ncloc="28" packages="3" files="3" classes="3"/>
    <package name="controllers">
      <metrics statements="10" coveredstatements="3" conditionals="2" coveredconditionals="2" methods="2" coveredmethods="0"/>
      <file name="userController.ts" path="C:\Users\jjose\OneDrive\Documents\prueba-tecnica-periferia-ti\microservice-2-users\src\controllers\userController.ts">
        <metrics statements="10" coveredstatements="3" conditionals="2" coveredconditionals="2" methods="2" coveredmethods="0"/>
        <line num="1" count="1" type="stmt"/>
        <line num="4" count="1" type="cond" truecount="2" falsecount="0"/>
        <line num="6" count="1" type="stmt"/>
        <line num="7" count="0" type="stmt"/>
        <line num="8" count="0" type="stmt"/>
        <line num="9" count="0" type="stmt"/>
        <line num="10" count="0" type="stmt"/>
        <line num="11" count="0" type="stmt"/>
        <line num="13" count="0" type="stmt"/>
        <line num="14" count="0" type="stmt"/>
      </file>
    </package>
    <package name="middlewares">
      <metrics statements="12" coveredstatements="10" conditionals="7" coveredconditionals="7" methods="1" coveredmethods="1"/>
      <file name="authMiddleware.ts" path="C:\Users\jjose\OneDrive\Documents\prueba-tecnica-periferia-ti\microservice-2-users\src\middlewares\authMiddleware.ts">
        <metrics statements="12" coveredstatements="10" conditionals="7" coveredconditionals="7" methods="1" coveredmethods="1"/>
        <line num="2" count="1" type="stmt"/>
        <line num="4" count="1" type="cond" truecount="2" falsecount="0"/>
        <line num="6" count="1" type="stmt"/>
        <line num="7" count="3" type="cond" truecount="4" falsecount="0"/>
        <line num="9" count="3" type="cond" truecount="1" falsecount="0"/>
        <line num="10" count="1" type="stmt"/>
        <line num="11" count="1" type="stmt"/>
        <line num="14" count="2" type="stmt"/>
        <line num="15" count="2" type="stmt"/>
        <line num="16" count="0" type="stmt"/>
        <line num="17" count="0" type="stmt"/>
        <line num="19" count="2" type="stmt"/>
      </file>
    </package>
    <package name="routes">
      <metrics statements="6" coveredstatements="6" conditionals="0" coveredconditionals="0" methods="0" coveredmethods="0"/>
      <file name="userRoutes.ts" path="C:\Users\jjose\OneDrive\Documents\prueba-tecnica-periferia-ti\microservice-2-users\src\routes\userRoutes.ts">
        <metrics statements="6" coveredstatements="6" conditionals="0" coveredconditionals="0" methods="0" coveredmethods="0"/>
        <line num="1" count="1" type="stmt"/>
        <line num="2" count="1" type="stmt"/>
        <line num="3" count="1" type="stmt"/>
        <line num="5" count="1" type="stmt"/>
        <line num="21" count="1" type="stmt"/>
        <line num="23" count="1" type="stmt"/>
      </file>
    </package>
  </project>
</coverage>
