{"C:\\Users\\jjose\\OneDrive\\Documents\\prueba-tecnica-periferia-ti\\microservice-2-users\\src\\controllers\\userController.ts": {"path":"C:\\Users\\jjose\\OneDrive\\Documents\\prueba-tecnica-periferia-ti\\microservice-2-users\\src\\controllers\\userController.ts","statementMap":{"0":{"start":{"line":1,"column":0},"end":{"line":1,"column":26}},"1":{"start":{"line":4,"column":25},"end":{"line":4,"column":83}},"2":{"start":{"line":6,"column":26},"end":{"line":16,"column":2}},"3":{"start":{"line":6,"column":64},"end":{"line":16,"column":2}},"4":{"start":{"line":7,"column":2},"end":{"line":15,"column":3}},"5":{"start":{"line":8,"column":26},"end":{"line":8,"column":42}},"6":{"start":{"line":9,"column":4},"end":{"line":9,"column":73}},"7":{"start":{"line":10,"column":21},"end":{"line":10,"column":77}},"8":{"start":{"line":11,"column":4},"end":{"line":11,"column":77}},"9":{"start":{"line":13,"column":4},"end":{"line":13,"column":62}},"10":{"start":{"line":14,"column":4},"end":{"line":14,"column":73}},"11":{"start":{"line":6,"column":13},"end":{"line":6,"column":26}}},"fnMap":{"0":{"name":"(anonymous_8)","decl":{"start":{"line":6,"column":26},"end":{"line":6,"column":33}},"loc":{"start":{"line":6,"column":64},"end":{"line":16,"column":2}}},"1":{"name":"(anonymous_9)","decl":{"start":{"line":6,"column":64},"end":{"line":6,"column":null}},"loc":{"start":{"line":6,"column":64},"end":{"line":16,"column":1}}}},"branchMap":{"0":{"loc":{"start":{"line":4,"column":25},"end":{"line":4,"column":83}},"type":"binary-expr","locations":[{"start":{"line":4,"column":25},"end":{"line":4,"column":53}},{"start":{"line":4,"column":57},"end":{"line":4,"column":83}}]}},"s":{"0":1,"1":1,"2":1,"3":0,"4":0,"5":0,"6":0,"7":0,"8":0,"9":0,"10":0,"11":1},"f":{"0":0,"1":0},"b":{"0":[1,1]}}
,"C:\\Users\\jjose\\OneDrive\\Documents\\prueba-tecnica-periferia-ti\\microservice-2-users\\src\\middlewares\\authMiddleware.ts": {"path":"C:\\Users\\jjose\\OneDrive\\Documents\\prueba-tecnica-periferia-ti\\microservice-2-users\\src\\middlewares\\authMiddleware.ts","statementMap":{"0":{"start":{"line":2,"column":0},"end":{"line":2,"column":31}},"1":{"start":{"line":4,"column":19},"end":{"line":4,"column":58}},"2":{"start":{"line":6,"column":31},"end":{"line":21,"column":1}},"3":{"start":{"line":7,"column":16},"end":{"line":7,"column":58}},"4":{"start":{"line":9,"column":2},"end":{"line":12,"column":3}},"5":{"start":{"line":10,"column":4},"end":{"line":10,"column":57}},"6":{"start":{"line":11,"column":4},"end":{"line":11,"column":11}},"7":{"start":{"line":14,"column":2},"end":{"line":20,"column":3}},"8":{"start":{"line":15,"column":20},"end":{"line":15,"column":49}},"9":{"start":{"line":16,"column":5},"end":{"line":16,"column":32}},"10":{"start":{"line":17,"column":4},"end":{"line":17,"column":11}},"11":{"start":{"line":19,"column":4},"end":{"line":19,"column":56}},"12":{"start":{"line":6,"column":13},"end":{"line":6,"column":31}}},"fnMap":{"0":{"name":"(anonymous_1)","decl":{"start":{"line":6,"column":31},"end":{"line":6,"column":32}},"loc":{"start":{"line":6,"column":89},"end":{"line":21,"column":1}}}},"branchMap":{"0":{"loc":{"start":{"line":4,"column":19},"end":{"line":4,"column":58}},"type":"binary-expr","locations":[{"start":{"line":4,"column":19},"end":{"line":4,"column":41}},{"start":{"line":4,"column":45},"end":{"line":4,"column":58}}]},"1":{"loc":{"start":{"line":7,"column":16},"end":{"line":7,"column":58}},"type":"cond-expr","locations":[{"start":{"line":7,"column":43},"end":{"line":7,"column":45}},{"start":{"line":7,"column":43},"end":{"line":7,"column":58}}]},"2":{"loc":{"start":{"line":7,"column":16},"end":{"line":7,"column":45}},"type":"binary-expr","locations":[{"start":{"line":7,"column":16},"end":{"line":7,"column":45}},{"start":{"line":7,"column":43},"end":{"line":7,"column":45}}]},"3":{"loc":{"start":{"line":9,"column":2},"end":{"line":12,"column":3}},"type":"if","locations":[{"start":{"line":9,"column":2},"end":{"line":12,"column":3}}]}},"s":{"0":1,"1":1,"2":1,"3":3,"4":3,"5":1,"6":1,"7":2,"8":2,"9":0,"10":0,"11":2,"12":1},"f":{"0":3},"b":{"0":[1,1],"1":[1,2],"2":[3,3],"3":[1]}}
,"C:\\Users\\jjose\\OneDrive\\Documents\\prueba-tecnica-periferia-ti\\microservice-2-users\\src\\routes\\userRoutes.ts": {"path":"C:\\Users\\jjose\\OneDrive\\Documents\\prueba-tecnica-periferia-ti\\microservice-2-users\\src\\routes\\userRoutes.ts","statementMap":{"0":{"start":{"line":1,"column":0},"end":{"line":1,"column":30}},"1":{"start":{"line":2,"column":0},"end":{"line":2,"column":59}},"2":{"start":{"line":3,"column":0},"end":{"line":3,"column":64}},"3":{"start":{"line":5,"column":15},"end":{"line":5,"column":31}},"4":{"start":{"line":21,"column":0},"end":{"line":21,"column":52}},"5":{"start":{"line":23,"column":0},"end":{"line":23,"column":22}}},"fnMap":{},"branchMap":{},"s":{"0":1,"1":1,"2":1,"3":1,"4":1,"5":1},"f":{},"b":{}}
}
